
> server@1.0.0 dev
> nodemon index.js

[33m[nodemon] 3.1.14[39m
[33m[nodemon] to restart at any time, enter `rs`[39m
[33m[nodemon] watching path(s): index.js app.js src\**\*[39m
[33m[nodemon] watching extensions: js,json,mjs[39m
[32m[nodemon] starting `node index.js index.js`[39m
Connecting to MongoDB: mongodb+srv://nabeeljaved:nabeeljaved@cluster0.gsbme.mongodb.net/english
MongoDB Connected Securely
node:events:486
      throw er; // Unhandled 'error' event
      ^

Error: listen EADDRINUSE: address already in use :::5000
    at Server.setupListenHandle [as _listen2] (node:net:1948:16)
    at listenInCluster (node:net:2005:12)
    at Server.listen (node:net:2110:7)
    at file:///E:/Nabeel%20Javed/Web%20Portfolios/English%20Website/server/index.js:60:14
    at process.processTicksAndRejections (node:internal/process/task_queues:104:5)
Emitted 'error' event on Server instance at:
    at emitErrorNT (node:net:1984:8)
    at process.processTicksAndRejections (node:internal/process/task_queues:90:21) {
  code: 'EADDRINUSE',
  errno: -4091,
  syscall: 'listen',
  address: '::',
  port: 5000
}

Node.js v24.14.0
[31m[nodemon] app crashed - waiting for file changes before starting...[39m
[32m[nodemon] restarting due to changes...[39m
[32m[nodemon] starting `node index.js index.js`[39m
Connecting to MongoDB: mongodb+srv://nabeeljaved:nabeeljaved@cluster0.gsbme.mongodb.net/english
MongoDB Connected Securely
✓ Server running in development mode on port 5000
[32m[nodemon] restarting due to changes...[39m
[32m[nodemon] starting `node index.js index.js`[39m
Connecting to MongoDB: mongodb+srv://nabeeljaved:nabeeljaved@cluster0.gsbme.mongodb.net/english
MongoDB Connected Securely
node:events:486
      throw er; // Unhandled 'error' event
      ^

Error: listen EADDRINUSE: address already in use :::5000
    at Server.setupListenHandle [as _listen2] (node:net:1948:16)
    at listenInCluster (node:net:2005:12)
    at Server.listen (node:net:2110:7)
    at file:///E:/Nabeel%20Javed/Web%20Portfolios/English%20Website/server/index.js:60:14
    at process.processTicksAndRejections (node:internal/process/task_queues:104:5)
Emitted 'error' event on Server instance at:
    at emitErrorNT (node:net:1984:8)
    at process.processTicksAndRejections (node:internal/process/task_queues:90:21) {
  code: 'EADDRINUSE',
  errno: -4091,
  syscall: 'listen',
  address: '::',
  port: 5000
}

Node.js v24.14.0
[31m[nodemon] app crashed - waiting for file changes before starting...[39m
[32m[nodemon] restarting due to changes...[39m
[32m[nodemon] starting `node index.js index.js`[39m
Connecting to MongoDB: mongodb+srv://nabeeljaved:nabeeljaved@cluster0.gsbme.mongodb.net/english
MongoDB Connected Securely
✓ Server running in development mode on port 5000
[32m[nodemon] restarting due to changes...[39m
[32m[nodemon] starting `node index.js index.js`[39m
Connecting to MongoDB: mongodb+srv://nabeeljaved:nabeeljaved@cluster0.gsbme.mongodb.net/english
MongoDB Connected Securely
node:events:486
      throw er; // Unhandled 'error' event
      ^

Error: listen EADDRINUSE: address already in use :::5000
    at Server.setupListenHandle [as _listen2] (node:net:1948:16)
    at listenInCluster (node:net:2005:12)
    at Server.listen (node:net:2110:7)
    at file:///E:/Nabeel%20Javed/Web%20Portfolios/English%20Website/server/index.js:60:14
    at process.processTicksAndRejections (node:internal/process/task_queues:104:5)
Emitted 'error' event on Server instance at:
    at emitErrorNT (node:net:1984:8)
    at process.processTicksAndRejections (node:internal/process/task_queues:90:21) {
  code: 'EADDRINUSE',
  errno: -4091,
  syscall: 'listen',
  address: '::',
  port: 5000
}

Node.js v24.14.0
[31m[nodemon] app crashed - waiting for file changes before starting...[39m
[32m[nodemon] restarting due to changes...[39m
[32m[nodemon] starting `node index.js index.js`[39m
Connecting to MongoDB: mongodb+srv://nabeeljaved:nabeeljaved@cluster0.gsbme.mongodb.net/english
MongoDB Connected Securely
✓ Server running in development mode on port 5000
[0mGET /api/v1/financial-aid?limit=100 [36m304[0m 195.657 ms - -[0m
[0mGET /api/v1/financial-aid/my [36m304[0m 106.980 ms - -[0m
[0mGET /api/v1/users/profile [32m200[0m 112.572 ms - 411[0m
[0mGET /api/v1/users/profile [36m304[0m 101.132 ms - -[0m
[0mGET /api/v1/users/profile [36m304[0m 97.682 ms - -[0m
[0mGET /api/v1/users/profile [36m304[0m 93.590 ms - -[0m
[0mPOST /api/v1/financial-aid/public [32m201[0m 134.247 ms - 483[0m
[0mGET /api/v1/users/profile [32m200[0m 229.912 ms - 391[0m
[0mGET /api/v1/users/profile [36m304[0m 252.533 ms - -[0m
[0mGET /api/v1/financial-aid?limit=100 [32m200[0m 160.544 ms - 991[0m
[0mGET /api/v1/financial-aid?limit=100 [36m304[0m 145.530 ms - -[0m
[0mGET /api/v1/users/profile [36m304[0m 345.913 ms - -[0m
[0mGET /api/v1/users/profile [36m304[0m 164.022 ms - -[0m
[0mGET /api/v1/financial-aid?limit=100 [36m304[0m 224.567 ms - -[0m
[0mGET /api/v1/financial-aid?limit=100 [36m304[0m 176.267 ms - -[0m
[0mGET /api/v1/users/profile [32m200[0m 101.908 ms - 411[0m
[0mGET /api/v1/users/profile [36m304[0m 97.649 ms - -[0m
[0mGET /api/v1/financial-aid/my [36m304[0m 99.148 ms - -[0m
[0mGET /api/v1/financial-aid/my [36m304[0m 93.366 ms - -[0m
[0mPOST /api/v1/financial-aid [33m409[0m 291.158 ms - 94[0m
[0mGET /api/v1/users/profile [0m-[0m - ms - -[0m
[0mGET /api/v1/users/profile [0m-[0m - ms - -[0m
[0mGET /api/v1/users/profile [0m-[0m - ms - -[0m
[0mGET /api/v1/users/profile [32m200[0m 4031.902 ms - 391[0m
[0mGET /api/v1/users/profile [36m304[0m 93.742 ms - -[0m
[0mPOST /api/v1/users/login [32m200[0m 343.883 ms - 846[0m
[0mGET /api/v1/payments?limit=200 [36m304[0m 499.322 ms - -[0m
[0mGET /api/v1/payments?limit=200 [36m304[0m 152.756 ms - -[0m
[0mGET /api/v1/financial-aid?limit=100 [36m304[0m 156.972 ms - -[0m
[0mGET /api/v1/financial-aid?limit=100 [36m304[0m 158.760 ms - -[0m
[0mGET /api/v1/financial-aid?limit=100 [36m304[0m 145.739 ms - -[0m
[0mGET /api/v1/financial-aid?limit=100 [36m304[0m 143.636 ms - -[0m
[0mGET /api/v1/stats/admin [32m200[0m 32102.743 ms - -[0m
[0mGET /api/v1/stats/admin [32m200[0m 12550.087 ms - -[0m
[0mGET /api/v1/stats/admin [32m200[0m 12500.252 ms - -[0m
[0mGET /api/v1/stats/admin [32m200[0m 12500.484 ms - -[0m
[0mGET /api/v1/users/profile [36m304[0m 161.266 ms - -[0m
[0mGET /api/v1/users/profile [36m304[0m 296.786 ms - -[0m
[0mGET /api/v1/courses/teacher/my [32m200[0m 360.694 ms - -[0m
[0mGET /api/v1/enrollments/teacher/my [32m200[0m 472.776 ms - -[0m
[0mGET /api/v1/courses/teacher/my [36m304[0m 158.915 ms - -[0m
[0mGET /api/v1/enrollments/teacher/my [36m304[0m 395.629 ms - -[0m
[0mGET /api/v1/users/profile [36m304[0m 169.747 ms - -[0m
[0mGET /api/v1/users/profile [36m304[0m 209.340 ms - -[0m
[0mGET /api/v1/announcements [36m304[0m 140.350 ms - -[0m
[0mGET /api/v1/enrollments/my [32m200[0m 195.531 ms - -[0m
[0mGET /api/v1/payments/my [32m200[0m 192.021 ms - -[0m
[0mGET /api/v1/assignments/my [36m304[0m 257.925 ms - -[0m
[0mGET /api/v1/live-classes/student/upcoming [36m304[0m 266.804 ms - -[0m
[0mGET /api/v1/announcements [36m304[0m 141.513 ms - -[0m
[0mGET /api/v1/enrollments/my [36m304[0m 595.131 ms - -[0m
[0mGET /api/v1/payments/my [36m304[0m 582.913 ms - -[0m
[0mGET /api/v1/live-classes/student/upcoming [36m304[0m 712.444 ms - -[0m
[0mGET /api/v1/assignments/my [36m304[0m 717.654 ms - -[0m
[0mGET /api/v1/payments/my [36m304[0m 539.878 ms - -[0m
[0mGET /api/v1/payments/my [36m304[0m 613.859 ms - -[0m
[0mGET /api/v1/payments/my [36m304[0m 216.324 ms - -[0m
[0mGET /api/v1/announcements [36m304[0m 113.204 ms - -[0m
[0mGET /api/v1/enrollments/my [36m304[0m 237.452 ms - -[0m
[0mGET /api/v1/assignments/my [36m304[0m 275.058 ms - -[0m
[0mGET /api/v1/payments/my [36m304[0m 246.871 ms - -[0m
[0mGET /api/v1/live-classes/student/upcoming [36m304[0m 289.951 ms - -[0m
[0mGET /api/v1/announcements [36m304[0m 179.026 ms - -[0m
[0mGET /api/v1/enrollments/my [36m304[0m 204.352 ms - -[0m
[0mGET /api/v1/announcements [36m304[0m 133.949 ms - -[0m
[0mGET /api/v1/payments/my [36m304[0m 174.785 ms - -[0m
[0mGET /api/v1/assignments/my [36m304[0m 212.115 ms - -[0m
[0mGET /api/v1/live-classes/student/upcoming [36m304[0m 231.650 ms - -[0m
[0mGET /api/v1/announcements [36m304[0m 115.083 ms - -[0m
[0mGET /api/v1/enrollments/my [36m304[0m 181.808 ms - -[0m
[0mGET /api/v1/payments/my [36m304[0m 205.732 ms - -[0m
[0mGET /api/v1/assignments/my [36m304[0m 243.941 ms - -[0m
[0mGET /api/v1/live-classes/student/upcoming [36m304[0m 311.003 ms - -[0m
[0mGET /api/v1/enrollments/my [36m304[0m 220.089 ms - -[0m
[0mGET /api/v1/payments/my [36m304[0m 215.999 ms - -[0m
[0mGET /api/v1/assignments/my [36m304[0m 253.020 ms - -[0m
[0mGET /api/v1/payments/my [36m304[0m 234.463 ms - -[0m
[0mGET /api/v1/live-classes/student/upcoming [36m304[0m 282.624 ms - -[0m
[0mGET /api/v1/enrollments/my [36m304[0m 462.815 ms - -[0m
[0mGET /api/v1/enrollments/my [36m304[0m 299.854 ms - -[0m
[0mGET /api/v1/enrollments/my [36m304[0m 513.639 ms - -[0m
[0mGET /api/v1/enrollments/my [36m304[0m 505.365 ms - -[0m
[0mGET /api/v1/payments?limit=200 [36m304[0m 313.258 ms - -[0m
[0mGET /api/v1/payments?limit=200 [36m304[0m 217.939 ms - -[0m
[0mGET /api/v1/payments?limit=200 [36m304[0m 213.502 ms - -[0m
[0mGET /api/v1/payments?limit=200 [36m304[0m 360.246 ms - -[0m
[0mPATCH /api/v1/payments/6a0b28a764b5e819546e7a92/reject [32m200[0m 1060.292 ms - 571[0m
[0mGET /api/v1/payments?limit=200 [32m200[0m 367.785 ms - -[0m
[0mGET /api/v1/users/profile [36m304[0m 345.364 ms - -[0m
[0mGET /api/v1/users/profile [36m304[0m 320.975 ms - -[0m
[0mGET /api/v1/enrollments/my [32m200[0m 312.159 ms - -[0m
[0mGET /api/v1/enrollments/my [36m304[0m 480.403 ms - -[0m
[0mGET /api/v1/users/profile [36m304[0m 341.945 ms - -[0m
[0mGET /api/v1/users/profile [36m304[0m 156.124 ms - -[0m
[0mGET /api/v1/courses?status=published [32m200[0m 326.136 ms - -[0m
[0mGET /api/v1/courses?status=published [36m304[0m 173.423 ms - -[0m
[0mGET /api/v1/courses/6a08e80668c4ae034f54d261 [32m200[0m 405.508 ms - 941[0m
[0mGET /api/v1/courses/6a08e80668c4ae034f54d261 [36m304[0m 201.337 ms - -[0m
[0mGET /api/health [32m200[0m 3.242 ms - 85[0m
[0mPOST /api/v1/users/login [32m200[0m 373.345 ms - 870[0m
[0mGET /api/v1/users/profile [32m200[0m 419.240 ms - 411[0m
[0mGET /api/v1/users/profile [36m304[0m 289.128 ms - -[0m
[0mGET /api/v1/users/profile [36m304[0m 516.697 ms - -[0m
[0mGET /api/v1/users/profile [36m304[0m 135.946 ms - -[0m
[0mGET /api/v1/enrollments/my [32m200[0m 565.982 ms - -[0m
[0mGET /api/v1/announcements [36m304[0m 427.085 ms - -[0m
[0mGET /api/v1/payments/my [32m200[0m 540.340 ms - -[0m
[0mGET /api/v1/live-classes/student/upcoming [36m304[0m 593.706 ms - -[0m
[0mGET /api/v1/assignments/my [36m304[0m 597.251 ms - -[0m
[0mGET /api/v1/enrollments/my [36m304[0m 367.145 ms - -[0m
[0mGET /api/v1/announcements [36m304[0m 183.224 ms - -[0m
[0mGET /api/v1/payments/my [36m304[0m 171.950 ms - -[0m
[0mGET /api/v1/enrollments/my [36m304[0m 228.547 ms - -[0m
[0mGET /api/v1/live-classes/student/upcoming [36m304[0m 272.044 ms - -[0m
[0mGET /api/v1/assignments/my [36m304[0m 269.860 ms - -[0m
[0mGET /api/v1/enrollments/my [36m304[0m 434.431 ms - -[0m
[0mGET /api/v1/users/profile [36m304[0m 531.316 ms - -[0m
[0mGET /api/v1/users/profile [36m304[0m 130.757 ms - -[0m
[0mGET /api/v1/announcements [36m304[0m 398.093 ms - -[0m
[0mGET /api/v1/enrollments/my [36m304[0m 453.754 ms - -[0m
[0mGET /api/v1/payments/my [36m304[0m 464.991 ms - -[0m
[0mGET /api/v1/live-classes/student/upcoming [36m304[0m 509.022 ms - -[0m
[0mGET /api/v1/assignments/my [36m304[0m 514.565 ms - -[0m
[0mGET /api/v1/announcements [36m304[0m 118.680 ms - -[0m
[0mGET /api/v1/enrollments/my [36m304[0m 183.735 ms - -[0m
[0mGET /api/v1/payments/my [36m304[0m 172.252 ms - -[0m
[0mGET /api/v1/live-classes/student/upcoming [36m304[0m 226.741 ms - -[0m
[0mGET /api/v1/assignments/my [36m304[0m 216.824 ms - -[0m
[0mGET /api/v1/enrollments/my [36m304[0m 264.084 ms - -[0m
[0mGET /api/v1/enrollments/my [36m304[0m 267.430 ms - -[0m
[0mGET /api/v1/enrollments/my [36m304[0m 411.562 ms - -[0m
[0mGET /api/v1/enrollments/my [36m304[0m 171.953 ms - -[0m
[0mGET /api/v1/enrollments/my [36m304[0m 225.541 ms - -[0m
[0mGET /api/v1/courses?status=published [32m200[0m 112.498 ms - -[0m
[0mGET /api/v1/courses?status=published [36m304[0m 130.156 ms - -[0m
[0mGET /api/v1/courses/6a08e80668c4ae034f54d25f [32m200[0m 105.907 ms - 980[0m
[0mGET /api/v1/courses/6a08e80668c4ae034f54d25f [36m304[0m 167.503 ms - -[0m
[0mGET /api/v1/courses/6a08e80668c4ae034f54d25f [36m304[0m 332.595 ms - -[0m
[0mGET /api/v1/courses/6a08e80668c4ae034f54d25f [36m304[0m 715.589 ms - -[0m
[0mGET /api/v1/users/profile [36m304[0m 364.572 ms - -[0m
[0mGET /api/v1/courses/6a08e80668c4ae034f54d261 [36m304[0m 377.170 ms - -[0m
[0mGET /api/v1/users/profile [36m304[0m 364.702 ms - -[0m
[0mGET /api/v1/courses/6a08e80668c4ae034f54d261 [36m304[0m 270.678 ms - -[0m
[0mGET /api/v1/users/profile [36m304[0m 181.097 ms - -[0m
[0mGET /api/v1/users/profile [36m304[0m 96.570 ms - -[0m
[0mGET /api/v1/courses?status=published [36m304[0m 557.697 ms - -[0m
[0mGET /api/v1/courses?status=published [36m304[0m 170.546 ms - -[0m
[0mGET /api/v1/courses/6a08e80668c4ae034f54d25f [32m200[0m 433.639 ms - 980[0m
[0mGET /api/v1/courses/6a08e80668c4ae034f54d25f [36m304[0m 628.043 ms - -[0m
[0mGET /api/v1/enrollments/my [36m304[0m 240.628 ms - -[0m
[0mGET /api/v1/enrollments/my [36m304[0m 221.286 ms - -[0m
[0mGET /api/v1/enrollments/my [36m304[0m 453.293 ms - -[0m
[0mGET /api/v1/enrollments/my [36m304[0m 494.033 ms - -[0m
[0mGET /api/v1/announcements [36m304[0m 423.400 ms - -[0m
[0mGET /api/v1/enrollments/my [36m304[0m 483.121 ms - -[0m
[0mGET /api/v1/payments/my [36m304[0m 474.356 ms - -[0m
[0mGET /api/v1/live-classes/student/upcoming [36m304[0m 535.903 ms - -[0m
[0mGET /api/v1/assignments/my [36m304[0m 534.189 ms - -[0m
[0mGET /api/v1/users/profile [36m304[0m 157.040 ms - -[0m
[0mGET /api/v1/users/profile [36m304[0m 335.253 ms - -[0m
[0mGET /api/v1/enrollments/my [36m304[0m 394.723 ms - -[0m
[0mGET /api/v1/announcements [36m304[0m 104.090 ms - -[0m
[0mGET /api/v1/payments/my [36m304[0m 284.987 ms - -[0m
[0mGET /api/v1/assignments/my [36m304[0m 345.884 ms - -[0m
[0mGET /api/v1/live-classes/student/upcoming [36m304[0m 356.159 ms - -[0m
[0mGET /api/v1/announcements [36m304[0m 262.755 ms - -[0m
[0mGET /api/v1/enrollments/my [36m304[0m 322.629 ms - -[0m
[0mGET /api/v1/payments/my [36m304[0m 265.499 ms - -[0m
[0mGET /api/v1/assignments/my [36m304[0m 293.313 ms - -[0m
[0mGET /api/v1/enrollments/my [36m304[0m 219.271 ms - -[0m
[0mGET /api/v1/live-classes/student/upcoming [36m304[0m 279.527 ms - -[0m
[0mGET /api/v1/enrollments/my [36m304[0m 332.229 ms - -[0m
[0mGET /api/v1/users/profile [36m304[0m 212.837 ms - -[0m
[0mGET /api/v1/users/profile [36m304[0m 260.537 ms - -[0m
[0mGET /api/v1/enrollments/my [36m304[0m 459.984 ms - -[0m
[0mGET /api/v1/enrollments/my [36m304[0m 304.207 ms - -[0m
[0mGET /api/v1/enrollments/my [36m304[0m 478.394 ms - -[0m
[0mGET /api/v1/enrollments/my [36m304[0m 559.749 ms - -[0m
[0mGET /api/v1/users/profile [36m304[0m 306.151 ms - -[0m
[0mGET /api/v1/users/profile [36m304[0m 159.361 ms - -[0m
[0mGET /api/v1/enrollments/my [36m304[0m 375.802 ms - -[0m
[0mGET /api/v1/enrollments/my [36m304[0m 675.750 ms - -[0m
[0mGET /api/v1/enrollments/my [36m304[0m 290.683 ms - -[0m
[0mGET /api/v1/enrollments/my [36m304[0m 217.277 ms - -[0m
[0mGET /api/v1/announcements [36m304[0m 97.997 ms - -[0m
[0mGET /api/v1/enrollments/my [36m304[0m 146.264 ms - -[0m
[0mGET /api/v1/payments/my [32m200[0m 154.128 ms - -[0m
[0mGET /api/v1/live-classes/student/upcoming [36m304[0m 207.561 ms - -[0m
[0mGET /api/v1/assignments/my [36m304[0m 197.104 ms - -[0m
[0mGET /api/v1/announcements [36m304[0m 96.254 ms - -[0m
[0mGET /api/v1/enrollments/my [36m304[0m 163.445 ms - -[0m
[0mGET /api/v1/announcements [36m304[0m 94.328 ms - -[0m
[0mGET /api/v1/payments/my [36m304[0m 157.328 ms - -[0m
[0mGET /api/v1/live-classes/student/upcoming [36m304[0m 187.761 ms - -[0m
[0mGET /api/v1/assignments/my [36m304[0m 194.816 ms - -[0m
[0mGET /api/v1/announcements [36m304[0m 97.106 ms - -[0m
[0mGET /api/v1/enrollments/my [36m304[0m 150.059 ms - -[0m
[0mGET /api/v1/payments/my [36m304[0m 185.635 ms - -[0m
[0mGET /api/v1/live-classes/student/upcoming [36m304[0m 225.857 ms - -[0m
[0mGET /api/v1/assignments/my [36m304[0m 210.015 ms - -[0m
[0mGET /api/v1/enrollments/my [36m304[0m 171.589 ms - -[0m
[0mGET /api/v1/payments/my [36m304[0m 162.900 ms - -[0m
[0mGET /api/v1/live-classes/student/upcoming [36m304[0m 616.608 ms - -[0m
[0mGET /api/v1/assignments/my [36m304[0m 610.894 ms - -[0m
[0mPOST /api/v1/users/login [32m200[0m 285.359 ms - 870[0m
[0mGET /api/v1/enrollments/my [36m304[0m 290.589 ms - -[0m
[0mGET /api/v1/announcements [36m304[0m 105.146 ms - -[0m
[0mGET /api/v1/enrollments/my [36m304[0m 276.305 ms - -[0m
[0mGET /api/v1/payments/my [36m304[0m 282.761 ms - -[0m
[0mGET /api/v1/assignments/my [36m304[0m 313.617 ms - -[0m
[0mGET /api/v1/announcements [36m304[0m 210.250 ms - -[0m
[0mGET /api/v1/enrollments/my [36m304[0m 169.715 ms - -[0m
[0mGET /api/v1/payments/my [36m304[0m 191.121 ms - -[0m
[0mGET /api/v1/assignments/my [36m304[0m 244.118 ms - -[0m
[0mGET /api/v1/enrollments/my [36m304[0m 271.581 ms - -[0m
[0mGET /api/v1/live-classes/student/upcoming [36m304[0m 1549.202 ms - -[0m
[0mGET /api/v1/live-classes/student/upcoming [36m304[0m 292.164 ms - -[0m
[0mGET /api/v1/users/profile [36m304[0m 123.467 ms - -[0m
[0mGET /api/v1/users/profile [36m304[0m 129.576 ms - -[0m
[0mGET /api/v1/courses?status=published [36m304[0m 452.659 ms - -[0m
[0mGET /api/v1/courses?status=published [36m304[0m 179.279 ms - -[0m
[0mGET /api/v1/users/profile [36m304[0m 112.102 ms - -[0m
[0mGET /api/v1/users/profile [36m304[0m 255.548 ms - -[0m
[0mGET /api/v1/courses/6a08e80668c4ae034f54d25f [36m304[0m 233.318 ms - -[0m
[0mGET /api/v1/courses/6a08e80668c4ae034f54d25f [36m304[0m 173.005 ms - -[0m
[0mPOST /api/v1/enrollments [32m201[0m 1239.945 ms - 406[0m
[0mGET /api/v1/users/profile [36m304[0m 119.985 ms - -[0m
[0mGET /api/v1/users/profile [36m304[0m 442.828 ms - -[0m
[0mGET /api/v1/announcements [36m304[0m 103.904 ms - -[0m
[0mGET /api/v1/enrollments/my [32m200[0m 385.938 ms - -[0m
[0mGET /api/v1/payments/my [36m304[0m 179.815 ms - -[0m
[0mGET /api/v1/live-classes/student/upcoming [36m304[0m 222.279 ms - -[0m
[0mGET /api/v1/assignments/my [36m304[0m 219.951 ms - -[0m
[0mGET /api/v1/announcements [36m304[0m 109.669 ms - -[0m
[0mGET /api/v1/enrollments/my [36m304[0m 180.516 ms - -[0m
[0mGET /api/v1/payments/my [36m304[0m 150.873 ms - -[0m
[0mGET /api/v1/live-classes/student/upcoming [36m304[0m 200.190 ms - -[0m
[0mGET /api/v1/assignments/my [36m304[0m 253.204 ms - -[0m
[0mGET /api/v1/enrollments/my [36m304[0m 181.850 ms - -[0m
[0mGET /api/v1/enrollments/my [36m304[0m 346.636 ms - -[0m
[0mGET /api/v1/enrollments/my [36m304[0m 444.469 ms - -[0m
[0mGET /api/v1/enrollments/my [32m200[0m 271.249 ms - -[0m
[0mGET /api/v1/users/profile [36m304[0m 225.415 ms - -[0m
[0mGET /api/v1/users/profile [36m304[0m 250.458 ms - -[0m
[0mGET /api/v1/enrollments/my [36m304[0m 235.141 ms - -[0m
[0mGET /api/v1/enrollments/my [36m304[0m 197.522 ms - -[0m
[0mGET /api/v1/announcements [36m304[0m 110.316 ms - -[0m
[0mGET /api/v1/payments/my [36m304[0m 387.219 ms - -[0m
[0mGET /api/v1/enrollments/my [36m304[0m 357.253 ms - -[0m
[0mGET /api/v1/announcements [36m304[0m 325.692 ms - -[0m
[0mGET /api/v1/live-classes/student/upcoming [36m304[0m 448.800 ms - -[0m
[0mGET /api/v1/assignments/my [36m304[0m 450.429 ms - -[0m
[0mGET /api/v1/payments/my [36m304[0m 195.539 ms - -[0m
[0mGET /api/v1/enrollments/my [36m304[0m 194.661 ms - -[0m
[0mGET /api/v1/live-classes/student/upcoming [36m304[0m 244.759 ms - -[0m
[0mGET /api/v1/assignments/my [36m304[0m 242.921 ms - -[0m
[0mGET /api/v1/users/profile [36m304[0m 187.792 ms - -[0m
[0mGET /api/v1/users/profile [36m304[0m 408.982 ms - -[0m
[0mGET /api/v1/enrollments/my [36m304[0m 483.972 ms - -[0m
[0mGET /api/v1/enrollments/my [36m304[0m 310.624 ms - -[0m
[0mGET /api/v1/announcements [36m304[0m 183.186 ms - -[0m
[0mGET /api/v1/payments/my [36m304[0m 242.558 ms - -[0m
[0mGET /api/v1/enrollments/my [36m304[0m 149.381 ms - -[0m
[0mGET /api/v1/assignments/my [36m304[0m 296.582 ms - -[0m
[0mGET /api/v1/live-classes/student/upcoming [36m304[0m 302.976 ms - -[0m
[0mGET /api/v1/announcements [36m304[0m 111.124 ms - -[0m
[0mGET /api/v1/payments/my [36m304[0m 196.052 ms - -[0m
[0mGET /api/v1/enrollments/my [36m304[0m 207.629 ms - -[0m
[0mGET /api/v1/assignments/my [36m304[0m 255.821 ms - -[0m
[0mGET /api/v1/live-classes/student/upcoming [36m304[0m 259.772 ms - -[0m
[0mGET /api/v1/users/profile [36m304[0m 119.221 ms - -[0m
[0mGET /api/v1/enrollments/my [36m304[0m 468.569 ms - -[0m
[0mGET /api/v1/enrollments/my [36m304[0m 263.017 ms - -[0m
[0mGET /api/v1/announcements [36m304[0m 112.104 ms - -[0m
[0mGET /api/v1/payments/my [36m304[0m 214.767 ms - -[0m
[0mGET /api/v1/live-classes/student/upcoming [36m304[0m 272.922 ms - -[0m
[0mGET /api/v1/assignments/my [36m304[0m 263.673 ms - -[0m
[0mGET /api/v1/announcements [36m304[0m 152.315 ms - -[0m
[0mGET /api/v1/enrollments/my [36m304[0m 224.341 ms - -[0m
[0mGET /api/v1/payments/my [36m304[0m 288.917 ms - -[0m
[0mGET /api/v1/enrollments/my [36m304[0m 299.782 ms - -[0m
[0mGET /api/v1/live-classes/student/upcoming [36m304[0m 343.923 ms - -[0m
[0mGET /api/v1/assignments/my [36m304[0m 343.201 ms - -[0m
[0mGET /api/v1/users/profile [36m304[0m 331.286 ms - -[0m
[0mGET /api/v1/users/profile [36m304[0m 340.280 ms - -[0m
[0mGET /api/v1/announcements [36m304[0m 349.787 ms - -[0m
[0mGET /api/v1/enrollments/my [36m304[0m 416.797 ms - -[0m
[0mGET /api/v1/payments/my [36m304[0m 408.041 ms - -[0m
[0mGET /api/v1/assignments/my [36m304[0m 460.378 ms - -[0m
[0mGET /api/v1/live-classes/student/upcoming [36m304[0m 467.877 ms - -[0m
[0mGET /api/v1/announcements [36m304[0m 107.776 ms - -[0m
[0mGET /api/v1/enrollments/my [36m304[0m 430.257 ms - -[0m
[0mGET /api/v1/payments/my [36m304[0m 435.065 ms - -[0m
[0mGET /api/v1/assignments/my [36m304[0m 513.086 ms - -[0m
[0mGET /api/v1/live-classes/student/upcoming [36m304[0m 507.374 ms - -[0m
[0mGET /api/v1/enrollments/my [36m304[0m 175.796 ms - -[0m
[0mGET /api/v1/enrollments/my [36m304[0m 466.501 ms - -[0m
[0mGET /api/v1/enrollments/my [36m304[0m 479.758 ms - -[0m
[0mGET /api/v1/enrollments/my [36m304[0m 407.521 ms - -[0m
[0mGET /api/v1/announcements [36m304[0m 392.624 ms - -[0m
[0mGET /api/v1/enrollments/my [36m304[0m 438.296 ms - -[0m
[0mGET /api/v1/payments/my [36m304[0m 446.297 ms - -[0m
[0mGET /api/v1/assignments/my [36m304[0m 500.577 ms - -[0m
[0mGET /api/v1/live-classes/student/upcoming [36m304[0m 516.684 ms - -[0m
[0mGET /api/v1/announcements [36m304[0m 109.777 ms - -[0m
[0mGET /api/v1/payments/my [0m-[0m - ms - -[0m
[0mGET /api/v1/payments/my [0m-[0m - ms - -[0m
[0mGET /api/v1/payments/my [0m-[0m - ms - -[0m
[0mGET /api/v1/live-classes/student/upcoming [0m-[0m - ms - -[0m
[0mGET /api/v1/announcements [0m-[0m - ms - -[0m
[0mGET /api/v1/enrollments/my [0m-[0m - ms - -[0m
[0mGET /api/v1/assignments/my [0m-[0m - ms - -[0m
[0mGET /api/v1/enrollments/my [0m-[0m - ms - -[0m
[0mGET /api/v1/users/profile [36m304[0m 108.645 ms - -[0m
[0mGET /api/v1/users/profile [36m304[0m 106.659 ms - -[0m
[0mGET /api/v1/announcements [32m200[0m 140.753 ms - 258[0m
[0mGET /api/v1/payments/my [32m200[0m 270.678 ms - -[0m
[0mGET /api/v1/enrollments/my [32m200[0m 301.216 ms - -[0m
[0mGET /api/v1/live-classes/student/upcoming [32m200[0m 323.909 ms - 574[0m
[0mGET /api/v1/assignments/my [32m200[0m 340.060 ms - 404[0m
[0mGET /api/v1/announcements [36m304[0m 193.118 ms - -[0m
[0mGET /api/v1/payments/my [36m304[0m 180.926 ms - -[0m
[0mGET /api/v1/enrollments/my [36m304[0m 182.720 ms - -[0m
[0mGET /api/v1/live-classes/student/upcoming [36m304[0m 365.711 ms - -[0m
[0mGET /api/v1/assignments/my [36m304[0m 342.972 ms - -[0m
[0mGET /api/v1/enrollments/my [36m304[0m 302.817 ms - -[0m
[0mGET /api/v1/enrollments/my [36m304[0m 298.804 ms - -[0m
[0mGET /api/v1/enrollments/my [36m304[0m 261.547 ms - -[0m
[0mGET /api/v1/enrollments/my [36m304[0m 312.773 ms - -[0m
[0mGET /api/v1/users/profile [36m304[0m 118.485 ms - -[0m
[0mGET /api/v1/users/profile [36m304[0m 205.756 ms - -[0m
[0mGET /api/v1/enrollments/my [36m304[0m 343.209 ms - -[0m
[0mGET /api/v1/enrollments/my [36m304[0m 309.979 ms - -[0m
[0mGET /api/v1/announcements [36m304[0m 182.718 ms - -[0m
[0mGET /api/v1/payments/my [36m304[0m 334.541 ms - -[0m
[0mGET /api/v1/enrollments/my [36m304[0m 254.703 ms - -[0m
[0mGET /api/v1/assignments/my [36m304[0m 396.440 ms - -[0m
[0mGET /api/v1/live-classes/student/upcoming [36m304[0m 402.047 ms - -[0m
[0mGET /api/v1/announcements [36m304[0m 202.762 ms - -[0m
[0mGET /api/v1/payments/my [36m304[0m 193.280 ms - -[0m
[0mGET /api/v1/enrollments/my [36m304[0m 187.908 ms - -[0m
[0mGET /api/v1/assignments/my [36m304[0m 242.355 ms - -[0m
[0mGET /api/v1/live-classes/student/upcoming [36m304[0m 242.519 ms - -[0m
[0mGET /api/v1/users/profile [36m304[0m 122.009 ms - -[0m
[0mGET /api/v1/users/profile [36m304[0m 150.579 ms - -[0m
[0mGET /api/v1/enrollments/my [36m304[0m 270.803 ms - -[0m
[0mGET /api/v1/enrollments/my [36m304[0m 211.220 ms - -[0m
[0mGET /api/v1/announcements [36m304[0m 179.939 ms - -[0m
[0mGET /api/v1/payments/my [36m304[0m 324.095 ms - -[0m
[0mGET /api/v1/assignments/my [36m304[0m 379.112 ms - -[0m
[0mGET /api/v1/announcements [36m304[0m 193.506 ms - -[0m
[0mGET /api/v1/enrollments/my [36m304[0m 254.811 ms - -[0m
[0mGET /api/v1/live-classes/student/upcoming [36m304[0m 389.682 ms - -[0m
[0mGET /api/v1/payments/my [36m304[0m 200.338 ms - -[0m
[0mGET /api/v1/enrollments/my [36m304[0m 187.835 ms - -[0m
[0mGET /api/v1/assignments/my [36m304[0m 248.644 ms - -[0m
[0mGET /api/v1/live-classes/student/upcoming [36m304[0m 302.501 ms - -[0m
[0mGET /api/v1/users/profile [36m304[0m 219.204 ms - -[0m
[0mGET /api/v1/users/profile [36m304[0m 100.966 ms - -[0m
[0mGET /api/v1/announcements [36m304[0m 112.775 ms - -[0m
[0mGET /api/v1/enrollments/my [36m304[0m 210.329 ms - -[0m
[0mGET /api/v1/payments/my [36m304[0m 208.230 ms - -[0m
[0mGET /api/v1/assignments/my [36m304[0m 264.778 ms - -[0m
[0mGET /api/v1/announcements [36m304[0m 146.084 ms - -[0m
[0mGET /api/v1/live-classes/student/upcoming [36m304[0m 272.431 ms - -[0m
[0mGET /api/v1/payments/my [36m304[0m 243.511 ms - -[0m
[0mGET /api/v1/enrollments/my [36m304[0m 252.821 ms - -[0m
[0mGET /api/v1/live-classes/student/upcoming [36m304[0m 399.226 ms - -[0m
[0mGET /api/v1/assignments/my [36m304[0m 407.869 ms - -[0m
[0mGET /api/v1/enrollments/my [36m304[0m 299.495 ms - -[0m
[0mGET /api/v1/enrollments/my [36m304[0m 310.969 ms - -[0m
[0mGET /api/v1/users/profile [36m304[0m 445.608 ms - -[0m
[0mGET /api/v1/users/profile [36m304[0m 151.013 ms - -[0m
[0mGET /api/v1/announcements [36m304[0m 183.300 ms - -[0m
[0mGET /api/v1/payments/my [36m304[0m 279.020 ms - -[0m
[0mGET /api/v1/enrollments/my [36m304[0m 302.629 ms - -[0m
[0mGET /api/v1/assignments/my [36m304[0m 336.894 ms - -[0m
[0mGET /api/v1/live-classes/student/upcoming [36m304[0m 347.376 ms - -[0m
[0mGET /api/v1/announcements [36m304[0m 162.665 ms - -[0m
[0mGET /api/v1/payments/my [36m304[0m 321.687 ms - -[0m
[0mGET /api/v1/enrollments/my [36m304[0m 326.052 ms - -[0m
[0mGET /api/v1/assignments/my [36m304[0m 380.622 ms - -[0m
[0mGET /api/v1/live-classes/student/upcoming [36m304[0m 376.853 ms - -[0m
[0mGET /api/v1/enrollments/my [36m304[0m 148.844 ms - -[0m
[0mGET /api/v1/enrollments/my [36m304[0m 247.115 ms - -[0m
[0mGET /api/v1/users/profile [36m304[0m 217.729 ms - -[0m
[0mGET /api/v1/users/profile [36m304[0m 277.422 ms - -[0m
[0mGET /api/v1/announcements [36m304[0m 142.738 ms - -[0m
[0mGET /api/v1/enrollments/my [36m304[0m 288.120 ms - -[0m
[0mGET /api/v1/payments/my [36m304[0m 286.133 ms - -[0m
[0mGET /api/v1/live-classes/student/upcoming [36m304[0m 333.634 ms - -[0m
[0mGET /api/v1/assignments/my [36m304[0m 332.483 ms - -[0m
[0mGET /api/v1/announcements [36m304[0m 187.584 ms - -[0m
[0mGET /api/v1/enrollments/my [36m304[0m 190.394 ms - -[0m
[0mGET /api/v1/payments/my [36m304[0m 191.373 ms - -[0m
[0mGET /api/v1/live-classes/student/upcoming [36m304[0m 313.039 ms - -[0m
[0mGET /api/v1/assignments/my [36m304[0m 311.385 ms - -[0m
[0mGET /api/v1/enrollments/my [36m304[0m 206.677 ms - -[0m
[0mGET /api/v1/enrollments/my [36m304[0m 198.735 ms - -[0m
[0mGET /api/v1/users/profile [36m304[0m 190.284 ms - -[0m
[0mGET /api/v1/users/profile [36m304[0m 143.589 ms - -[0m
[0mGET /api/v1/announcements [36m304[0m 179.391 ms - -[0m
[0mGET /api/v1/payments/my [36m304[0m 304.831 ms - -[0m
[0mGET /api/v1/enrollments/my [36m304[0m 337.892 ms - -[0m
[0mGET /api/v1/assignments/my [36m304[0m 377.873 ms - -[0m
[0mGET /api/v1/live-classes/student/upcoming [36m304[0m 390.265 ms - -[0m
[0mGET /api/v1/announcements [36m304[0m 192.828 ms - -[0m
[0mGET /api/v1/enrollments/my [36m304[0m 289.478 ms - -[0m
[0mGET /api/v1/payments/my [36m304[0m 299.670 ms - -[0m
[0mGET /api/v1/assignments/my [36m304[0m 355.642 ms - -[0m
[0mGET /api/v1/live-classes/student/upcoming [36m304[0m 352.127 ms - -[0m
[0mGET /api/v1/enrollments/my [36m304[0m 156.041 ms - -[0m
[0mGET /api/v1/enrollments/my [36m304[0m 240.425 ms - -[0m
[0mGET /api/v1/enrollments/my [36m304[0m 307.809 ms - -[0m
[0mGET /api/v1/enrollments/my [36m304[0m 304.175 ms - -[0m
[0mGET /api/v1/enrollments/my [36m304[0m 310.830 ms - -[0m
[0mGET /api/v1/enrollments/my [36m304[0m 403.747 ms - -[0m
[0mGET /api/v1/announcements [36m304[0m 202.776 ms - -[0m
[0mGET /api/v1/enrollments/my [36m304[0m 309.936 ms - -[0m
[0mGET /api/v1/payments/my [36m304[0m 304.275 ms - -[0m
[0mGET /api/v1/live-classes/student/upcoming [36m304[0m 355.702 ms - -[0m
[0mGET /api/v1/assignments/my [36m304[0m 353.864 ms - -[0m
[0mGET /api/v1/announcements [36m304[0m 152.937 ms - -[0m
[0mGET /api/v1/enrollments/my [36m304[0m 156.286 ms - -[0m
[0mGET /api/v1/payments/my [36m304[0m 155.901 ms - -[0m
[0mGET /api/v1/announcements [36m304[0m 122.952 ms - -[0m
[0mGET /api/v1/live-classes/student/upcoming [36m304[0m 209.444 ms - -[0m
[0mGET /api/v1/assignments/my [36m304[0m 219.646 ms - -[0m
[0mGET /api/v1/announcements [36m304[0m 92.511 ms - -[0m
[0mGET /api/v1/enrollments/my [36m304[0m 165.990 ms - -[0m
[0mGET /api/v1/payments/my [36m304[0m 166.620 ms - -[0m
[0mGET /api/v1/enrollments/my [36m304[0m 269.774 ms - -[0m
[0mGET /api/v1/live-classes/student/upcoming [36m304[0m 351.013 ms - -[0m
[0mGET /api/v1/payments/my [36m304[0m 272.793 ms - -[0m
[0mGET /api/v1/assignments/my [36m304[0m 339.465 ms - -[0m
[0mGET /api/v1/assignments/my [36m304[0m 388.042 ms - -[0m
[0mGET /api/v1/live-classes/student/upcoming [36m304[0m 395.803 ms - -[0m
[0mGET /api/v1/users/profile [36m304[0m 353.826 ms - -[0m
[0mGET /api/v1/users/profile [36m304[0m 154.711 ms - -[0m
[0mGET /api/v1/announcements [36m304[0m 148.753 ms - -[0m
[0mGET /api/v1/payments/my [36m304[0m 278.671 ms - -[0m
[0mGET /api/v1/enrollments/my [36m304[0m 301.563 ms - -[0m
[0mGET /api/v1/live-classes/student/upcoming [36m304[0m 353.105 ms - -[0m
[0mGET /api/v1/announcements [36m304[0m 192.778 ms - -[0m
[0mGET /api/v1/assignments/my [36m304[0m 351.743 ms - -[0m
[0mGET /api/v1/enrollments/my [36m304[0m 171.971 ms - -[0m
[0mGET /api/v1/payments/my [36m304[0m 178.758 ms - -[0m
[0mGET /api/v1/live-classes/student/upcoming [36m304[0m 247.746 ms - -[0m
[0mGET /api/v1/assignments/my [36m304[0m 246.995 ms - -[0m
[0mGET /api/v1/enrollments/my [36m304[0m 166.360 ms - -[0m
[0mGET /api/v1/enrollments/my [36m304[0m 257.848 ms - -[0m
[0mGET /api/v1/enrollments/my [36m304[0m 331.757 ms - -[0m
[0mGET /api/v1/enrollments/my [36m304[0m 360.845 ms - -[0m
[0mGET /api/v1/enrollments/my [36m304[0m 248.247 ms - -[0m
[0mGET /api/v1/enrollments/my [36m304[0m 308.255 ms - -[0m
[0mGET /api/v1/users/profile [36m304[0m 151.845 ms - -[0m
[0mGET /api/v1/users/profile [36m304[0m 302.404 ms - -[0m
[0mGET /api/v1/courses/teacher/my [32m200[0m 223.332 ms - -[0m
[0mGET /api/v1/enrollments/teacher/my [32m200[0m 313.442 ms - -[0m
[0mGET /api/v1/courses/teacher/my [36m304[0m 267.828 ms - -[0m
[0mGET /api/v1/enrollments/teacher/my [36m304[0m 390.157 ms - -[0m
[0mGET /api/v1/courses/teacher/my [36m304[0m 215.484 ms - -[0m
[0mGET /api/v1/enrollments/teacher/my [36m304[0m 308.273 ms - -[0m
[0mGET /api/v1/courses/teacher/my [36m304[0m 147.808 ms - -[0m
[0mGET /api/v1/enrollments/teacher/my [36m304[0m 303.914 ms - -[0m
[0mGET /api/v1/courses/teacher/my [36m304[0m 251.435 ms - -[0m
[0mGET /api/v1/courses/teacher/my [36m304[0m 204.451 ms - -[0m
[0mGET /api/v1/enrollments/teacher/my [36m304[0m 294.613 ms - -[0m
[0mGET /api/v1/enrollments/teacher/my [36m304[0m 304.202 ms - -[0m
